{"/www/Projet-test/Paynew-login/midnight/src/components/Button/Button.tsx": {"path":"/www/Projet-test/Paynew-login/midnight/src/components/Button/Button.tsx","statementMap":{"0":{"start":{"line":1,"column":0},"end":{"line":1,"column":35}},"1":{"start":{"line":3,"column":0},"end":{"line":3,"column":45}},"2":{"start":{"line":11,"column":33},"end":{"line":22,"column":1}},"3":{"start":{"line":12,"column":1},"end":{"line":12,"column":9}},"4":{"start":{"line":13,"column":1},"end":{"line":13,"column":8}},"5":{"start":{"line":14,"column":1},"end":{"line":14,"column":16}},"6":{"start":{"line":15,"column":1},"end":{"line":15,"column":18}},"7":{"start":{"line":17,"column":1},"end":{"line":21,"column":3}},"8":{"start":{"line":24,"column":0},"end":{"line":24,"column":22}}},"fnMap":{"0":{"name":"(anonymous_1)","decl":{"start":{"line":11,"column":33},"end":{"line":11,"column":34}},"loc":{"start":{"line":16,"column":1},"end":{"line":22,"column":1}}}},"branchMap":{"0":{"loc":{"start":{"line":14,"column":1},"end":{"line":14,"column":16}},"type":"cond-expr","locations":[{"start":{"line":14,"column":1},"end":{"line":14,"column":16}},{"start":{"line":14,"column":1},"end":{"line":14,"column":16}}]},"1":{"loc":{"start":{"line":15,"column":1},"end":{"line":15,"column":18}},"type":"cond-expr","locations":[{"start":{"line":15,"column":1},"end":{"line":15,"column":18}},{"start":{"line":15,"column":1},"end":{"line":15,"column":18}}]}},"s":{"0":1,"1":1,"2":1,"3":7,"4":7,"5":14,"6":14,"7":7,"8":1},"f":{"0":7},"b":{"0":[6,1],"1":[6,1]}}
,"/www/Projet-test/Paynew-login/midnight/src/components/Button/buttonStyle.tsx": {"path":"/www/Projet-test/Paynew-login/midnight/src/components/Button/buttonStyle.tsx","statementMap":{"0":{"start":{"line":1,"column":0},"end":{"line":1,"column":39}},"1":{"start":{"line":2,"column":0},"end":{"line":2,"column":75}},"2":{"start":{"line":3,"column":0},"end":{"line":3,"column":51}},"3":{"start":{"line":5,"column":21},"end":{"line":36,"column":null}},"4":{"start":{"line":45,"column":9},"end":{"line":45,"column":21}}},"fnMap":{},"branchMap":{"0":{"loc":{"start":{"line":5,"column":34},"end":{"line":5,"column":null}},"type":"binary-expr","locations":[{"start":{"line":5,"column":34},"end":{"line":5,"column":null}},{"start":{"line":5,"column":34},"end":{"line":43,"column":2}}]}},"s":{"0":1,"1":1,"2":1,"3":1,"4":1},"f":{},"b":{"0":[1,1]}}
,"/www/Projet-test/Paynew-login/midnight/src/components/FormGroup/formStyle.tsx": {"path":"/www/Projet-test/Paynew-login/midnight/src/components/FormGroup/formStyle.tsx","statementMap":{"0":{"start":{"line":1,"column":0},"end":{"line":1,"column":39}},"1":{"start":{"line":2,"column":0},"end":{"line":2,"column":75}},"2":{"start":{"line":3,"column":0},"end":{"line":3,"column":51}},"3":{"start":{"line":5,"column":24},"end":{"line":8,"column":null}},"4":{"start":{"line":49,"column":9},"end":{"line":49,"column":24}},"5":{"start":{"line":11,"column":19},"end":{"line":13,"column":null}},"6":{"start":{"line":49,"column":26},"end":{"line":49,"column":36}},"7":{"start":{"line":16,"column":20},"end":{"line":17,"column":null}},"8":{"start":{"line":49,"column":38},"end":{"line":49,"column":49}},"9":{"start":{"line":22,"column":20},"end":{"line":28,"column":null}},"10":{"start":{"line":49,"column":64},"end":{"line":49,"column":75}},"11":{"start":{"line":31,"column":20},"end":{"line":45,"column":null}},"12":{"start":{"line":49,"column":51},"end":{"line":49,"column":62}}},"fnMap":{},"branchMap":{"0":{"loc":{"start":{"line":5,"column":34},"end":{"line":5,"column":null}},"type":"binary-expr","locations":[{"start":{"line":5,"column":34},"end":{"line":5,"column":null}},{"start":{"line":5,"column":34},"end":{"line":9,"column":2}}]},"1":{"loc":{"start":{"line":11,"column":27},"end":{"line":11,"column":null}},"type":"binary-expr","locations":[{"start":{"line":11,"column":27},"end":{"line":11,"column":null}},{"start":{"line":11,"column":27},"end":{"line":15,"column":2}}]},"2":{"loc":{"start":{"line":16,"column":38},"end":{"line":16,"column":null}},"type":"binary-expr","locations":[{"start":{"line":16,"column":38},"end":{"line":16,"column":null}},{"start":{"line":16,"column":38},"end":{"line":20,"column":2}}]},"3":{"loc":{"start":{"line":22,"column":32},"end":{"line":22,"column":null}},"type":"binary-expr","locations":[{"start":{"line":22,"column":32},"end":{"line":22,"column":null}},{"start":{"line":22,"column":32},"end":{"line":29,"column":2}}]},"4":{"loc":{"start":{"line":31,"column":32},"end":{"line":31,"column":null}},"type":"binary-expr","locations":[{"start":{"line":31,"column":32},"end":{"line":31,"column":null}},{"start":{"line":31,"column":32},"end":{"line":48,"column":2}}]}},"s":{"0":1,"1":1,"2":1,"3":1,"4":1,"5":1,"6":1,"7":1,"8":1,"9":1,"10":1,"11":1,"12":1},"f":{},"b":{"0":[1,1],"1":[1,1],"2":[1,1],"3":[1,1],"4":[1,1]}}
,"/www/Projet-test/Paynew-login/midnight/src/components/FormGroup/FormField/FormField.tsx": {"path":"/www/Projet-test/Paynew-login/midnight/src/components/FormGroup/FormField/FormField.tsx","statementMap":{"0":{"start":{"line":1,"column":0},"end":{"line":1,"column":45}},"1":{"start":{"line":2,"column":0},"end":{"line":2,"column":43}},"2":{"start":{"line":3,"column":0},"end":{"line":3,"column":58}},"3":{"start":{"line":5,"column":0},"end":{"line":5,"column":null}},"4":{"start":{"line":25,"column":39},"end":{"line":97,"column":1}},"5":{"start":{"line":26,"column":1},"end":{"line":26,"column":5}},"6":{"start":{"line":27,"column":1},"end":{"line":27,"column":6}},"7":{"start":{"line":28,"column":1},"end":{"line":28,"column":12}},"8":{"start":{"line":29,"column":1},"end":{"line":29,"column":9}},"9":{"start":{"line":30,"column":1},"end":{"line":30,"column":14}},"10":{"start":{"line":31,"column":1},"end":{"line":31,"column":13}},"11":{"start":{"line":32,"column":1},"end":{"line":32,"column":9}},"12":{"start":{"line":33,"column":1},"end":{"line":33,"column":6}},"13":{"start":{"line":34,"column":1},"end":{"line":34,"column":9}},"14":{"start":{"line":37,"column":8},"end":{"line":37,"column":14}},"15":{"start":{"line":40,"column":7},"end":{"line":40,"column":8}},"16":{"start":{"line":40,"column":8},"end":{"line":40,"column":20}},"17":{"start":{"line":40,"column":22},"end":{"line":40,"column":53}},"18":{"start":{"line":42,"column":24},"end":{"line":63,"column":2}},"19":{"start":{"line":43,"column":28},"end":{"line":45,"column":3}},"20":{"start":{"line":44,"column":3},"end":{"line":44,"column":23}},"21":{"start":{"line":48,"column":2},"end":{"line":54,"column":null}},"22":{"start":{"line":49,"column":3},"end":{"line":53,"column":null}},"23":{"start":{"line":50,"column":4},"end":{"line":50,"column":44}},"24":{"start":{"line":52,"column":4},"end":{"line":52,"column":24}},"25":{"start":{"line":56,"column":2},"end":{"line":62,"column":null}},"26":{"start":{"line":57,"column":3},"end":{"line":61,"column":null}},"27":{"start":{"line":58,"column":4},"end":{"line":58,"column":45}},"28":{"start":{"line":60,"column":4},"end":{"line":60,"column":24}},"29":{"start":{"line":66,"column":28},"end":{"line":75,"column":2}},"30":{"start":{"line":67,"column":2},"end":{"line":74,"column":null}},"31":{"start":{"line":69,"column":4},"end":{"line":69,"column":44}},"32":{"start":{"line":71,"column":4},"end":{"line":71,"column":20}},"33":{"start":{"line":73,"column":4},"end":{"line":73,"column":14}},"34":{"start":{"line":77,"column":1},"end":{"line":96,"column":3}},"35":{"start":{"line":87,"column":5},"end":{"line":87,"column":47}},"36":{"start":{"line":88,"column":5},"end":{"line":88,"column":27}},"37":{"start":{"line":99,"column":0},"end":{"line":99,"column":25}}},"fnMap":{"0":{"name":"(anonymous_1)","decl":{"start":{"line":25,"column":39},"end":{"line":25,"column":40}},"loc":{"start":{"line":35,"column":1},"end":{"line":97,"column":1}}},"1":{"name":"(anonymous_2)","decl":{"start":{"line":42,"column":24},"end":{"line":42,"column":25}},"loc":{"start":{"line":42,"column":35},"end":{"line":63,"column":2}}},"2":{"name":"(anonymous_3)","decl":{"start":{"line":43,"column":28},"end":{"line":43,"column":null}},"loc":{"start":{"line":43,"column":28},"end":{"line":45,"column":3}}},"3":{"name":"(anonymous_4)","decl":{"start":{"line":66,"column":28},"end":{"line":66,"column":29}},"loc":{"start":{"line":66,"column":41},"end":{"line":75,"column":2}}},"4":{"name":"(anonymous_5)","decl":{"start":{"line":86,"column":12},"end":{"line":86,"column":13}},"loc":{"start":{"line":86,"column":18},"end":{"line":89,"column":5}}}},"branchMap":{"0":{"loc":{"start":{"line":30,"column":1},"end":{"line":30,"column":14}},"type":"cond-expr","locations":[{"start":{"line":30,"column":1},"end":{"line":30,"column":14}},{"start":{"line":30,"column":1},"end":{"line":30,"column":14}}]},"1":{"loc":{"start":{"line":48,"column":2},"end":{"line":54,"column":null}},"type":"if","locations":[{"start":{"line":48,"column":2},"end":{"line":54,"column":null}},{"start":{"line":48,"column":2},"end":{"line":54,"column":null}}]},"2":{"loc":{"start":{"line":49,"column":3},"end":{"line":53,"column":null}},"type":"if","locations":[{"start":{"line":49,"column":3},"end":{"line":53,"column":null}},{"start":{"line":49,"column":3},"end":{"line":53,"column":null}}]},"3":{"loc":{"start":{"line":56,"column":2},"end":{"line":62,"column":null}},"type":"if","locations":[{"start":{"line":56,"column":2},"end":{"line":62,"column":null}},{"start":{"line":56,"column":2},"end":{"line":62,"column":null}}]},"4":{"loc":{"start":{"line":57,"column":3},"end":{"line":61,"column":null}},"type":"if","locations":[{"start":{"line":57,"column":3},"end":{"line":61,"column":null}},{"start":{"line":57,"column":3},"end":{"line":61,"column":null}}]},"5":{"loc":{"start":{"line":68,"column":3},"end":{"line":69,"column":44}},"type":"switch","locations":[{"start":{"line":68,"column":3},"end":{"line":69,"column":44}},{"start":{"line":70,"column":3},"end":{"line":71,"column":20}},{"start":{"line":72,"column":3},"end":{"line":73,"column":14}}]},"6":{"loc":{"start":{"line":85,"column":31},"end":{"line":85,"column":42}},"type":"cond-expr","locations":[{"start":{"line":85,"column":31},"end":{"line":85,"column":42}},{"start":{"line":85,"column":45},"end":{"line":85,"column":69}}]},"7":{"loc":{"start":{"line":87,"column":20},"end":{"line":87,"column":39}},"type":"cond-expr","locations":[{"start":{"line":87,"column":20},"end":{"line":87,"column":39}},{"start":{"line":87,"column":42},"end":{"line":87,"column":46}}]},"8":{"loc":{"start":{"line":93,"column":4},"end":{"line":93,"column":12}},"type":"binary-expr","locations":[{"start":{"line":93,"column":4},"end":{"line":93,"column":12}},{"start":{"line":93,"column":16},"end":{"line":93,"column":29}},{"start":{"line":93,"column":33},"end":{"line":93,"column":68}}]},"9":{"loc":{"start":{"line":94,"column":4},"end":{"line":94,"column":16}},"type":"binary-expr","locations":[{"start":{"line":94,"column":4},"end":{"line":94,"column":16}},{"start":{"line":94,"column":20},"end":{"line":94,"column":61}}]}},"s":{"0":1,"1":1,"2":1,"3":1,"4":1,"5":24,"6":24,"7":24,"8":24,"9":48,"10":24,"11":24,"12":24,"13":24,"14":24,"15":24,"16":24,"17":24,"18":24,"19":6,"20":3,"21":6,"22":2,"23":1,"24":1,"25":5,"26":3,"27":1,"28":2,"29":24,"30":21,"31":9,"32":3,"33":9,"34":24,"35":6,"36":6,"37":1},"f":{"0":24,"1":6,"2":3,"3":21,"4":6},"b":{"0":[10,14],"1":[2,4],"2":[1,1],"3":[3,2],"4":[1,2],"5":[9,3,9],"6":[3,21],"7":[1,5],"8":[24,1,1],"9":[24,2]}}
,"/www/Projet-test/Paynew-login/midnight/src/styles/midnight-light/_palette.tsx": {"path":"/www/Projet-test/Paynew-login/midnight/src/styles/midnight-light/_palette.tsx","statementMap":{"0":{"start":{"line":2,"column":16},"end":{"line":8,"column":2}},"1":{"start":{"line":10,"column":16},"end":{"line":18,"column":2}},"2":{"start":{"line":20,"column":14},"end":{"line":26,"column":2}},"3":{"start":{"line":28,"column":16},"end":{"line":32,"column":2}},"4":{"start":{"line":34,"column":0},"end":{"line":34,"column":23}}},"fnMap":{},"branchMap":{},"s":{"0":2,"1":2,"2":2,"3":2,"4":2},"f":{},"b":{}}
,"/www/Projet-test/Paynew-login/midnight/src/styles/midnight-light/_theming.tsx": {"path":"/www/Projet-test/Paynew-login/midnight/src/styles/midnight-light/_theming.tsx","statementMap":{"0":{"start":{"line":1,"column":0},"end":{"line":1,"column":7}},"1":{"start":{"line":4,"column":9},"end":{"line":1,"column":39}},"2":{"start":{"line":2,"column":0},"end":{"line":2,"column":7}},"3":{"start":{"line":4,"column":21},"end":{"line":2,"column":33}}},"fnMap":{},"branchMap":{},"s":{"0":2,"1":2,"2":2,"3":2},"f":{},"b":{}}
,"/www/Projet-test/Paynew-login/midnight/src/styles/midnight-light/_typography.tsx": {"path":"/www/Projet-test/Paynew-login/midnight/src/styles/midnight-light/_typography.tsx","statementMap":{"0":{"start":{"line":1,"column":19},"end":{"line":42,"column":2}},"1":{"start":{"line":44,"column":0},"end":{"line":44,"column":26}}},"fnMap":{},"branchMap":{},"s":{"0":2,"1":2},"f":{},"b":{}}
,"/www/Projet-test/Paynew-login/midnight/src/styles/utils/_spacers.tsx": {"path":"/www/Projet-test/Paynew-login/midnight/src/styles/utils/_spacers.tsx","statementMap":{"0":{"start":{"line":2,"column":16},"end":{"line":9,"column":2}},"1":{"start":{"line":11,"column":0},"end":{"line":11,"column":23}}},"fnMap":{},"branchMap":{},"s":{"0":2,"1":2},"f":{},"b":{}}
,"/www/Projet-test/Paynew-login/midnight/src/styles/utils/_utils.tsx": {"path":"/www/Projet-test/Paynew-login/midnight/src/styles/utils/_utils.tsx","statementMap":{"0":{"start":{"line":1,"column":0},"end":{"line":1,"column":7}},"1":{"start":{"line":5,"column":9},"end":{"line":1,"column":40}},"2":{"start":{"line":3,"column":27},"end":{"line":3,"column":32}},"3":{"start":{"line":5,"column":18},"end":{"line":5,"column":36}}},"fnMap":{},"branchMap":{},"s":{"0":2,"1":2,"2":2,"3":2},"f":{},"b":{}}
,"/www/Projet-test/Paynew-login/midnight/src/utils/validators.tsx": {"path":"/www/Projet-test/Paynew-login/midnight/src/utils/validators.tsx","statementMap":{"0":{"start":{"line":1,"column":22},"end":{"line":4,"column":1}},"1":{"start":{"line":2,"column":10},"end":{"line":2,"column":163}},"2":{"start":{"line":3,"column":1},"end":{"line":3,"column":45}},"3":{"start":{"line":6,"column":9},"end":{"line":6,"column":22}}},"fnMap":{"0":{"name":"(anonymous_0)","decl":{"start":{"line":1,"column":22},"end":{"line":1,"column":23}},"loc":{"start":{"line":1,"column":36},"end":{"line":4,"column":1}}}},"branchMap":{},"s":{"0":1,"1":3,"2":3,"3":1},"f":{"0":3},"b":{}}
}
