TN:
SF:/www/Projet-test/Paynew-login/midnight/src/components/Button/Button.tsx
FN:11,(anonymous_1)
FNF:1
FNH:1
FNDA:7,(anonymous_1)
DA:1,1
DA:3,1
DA:11,1
DA:12,7
DA:13,7
DA:14,14
DA:15,14
DA:17,7
DA:24,1
LF:9
LH:9
BRDA:14,0,0,6
BRDA:14,0,1,1
BRDA:15,1,0,6
BRDA:15,1,1,1
BRF:4
BRH:4
end_of_record
TN:
SF:/www/Projet-test/Paynew-login/midnight/src/components/Button/buttonStyle.tsx
FNF:0
FNH:0
DA:1,1
DA:2,1
DA:3,1
DA:5,1
DA:45,1
LF:5
LH:5
BRDA:5,0,0,1
BRDA:5,0,1,1
BRF:2
BRH:2
end_of_record
TN:
SF:/www/Projet-test/Paynew-login/midnight/src/components/FormGroup/formStyle.tsx
FNF:0
FNH:0
DA:1,1
DA:2,1
DA:3,1
DA:5,1
DA:11,1
DA:16,1
DA:22,1
DA:31,1
DA:49,1
LF:9
LH:9
BRDA:5,0,0,1
BRDA:5,0,1,1
BRDA:11,1,0,1
BRDA:11,1,1,1
BRDA:16,2,0,1
BRDA:16,2,1,1
BRDA:22,3,0,1
BRDA:22,3,1,1
BRDA:31,4,0,1
BRDA:31,4,1,1
BRF:10
BRH:10
end_of_record
TN:
SF:/www/Projet-test/Paynew-login/midnight/src/components/FormGroup/FormField/FormField.tsx
FN:25,(anonymous_1)
FN:42,(anonymous_2)
FN:43,(anonymous_3)
FN:66,(anonymous_4)
FN:86,(anonymous_5)
FNF:5
FNH:5
FNDA:24,(anonymous_1)
FNDA:6,(anonymous_2)
FNDA:3,(anonymous_3)
FNDA:21,(anonymous_4)
FNDA:6,(anonymous_5)
DA:1,1
DA:2,1
DA:3,1
DA:5,1
DA:25,1
DA:26,24
DA:27,24
DA:28,24
DA:29,24
DA:30,48
DA:31,24
DA:32,24
DA:33,24
DA:34,24
DA:37,24
DA:40,24
DA:42,24
DA:43,6
DA:44,3
DA:48,6
DA:49,2
DA:50,1
DA:52,1
DA:56,5
DA:57,3
DA:58,1
DA:60,2
DA:66,24
DA:67,21
DA:69,9
DA:71,3
DA:73,9
DA:77,24
DA:87,6
DA:88,6
DA:99,1
LF:36
LH:36
BRDA:30,0,0,10
BRDA:30,0,1,14
BRDA:48,1,0,2
BRDA:48,1,1,4
BRDA:49,2,0,1
BRDA:49,2,1,1
BRDA:56,3,0,3
BRDA:56,3,1,2
BRDA:57,4,0,1
BRDA:57,4,1,2
BRDA:68,5,0,9
BRDA:68,5,1,3
BRDA:68,5,2,9
BRDA:85,6,0,3
BRDA:85,6,1,21
BRDA:87,7,0,1
BRDA:87,7,1,5
BRDA:93,8,0,24
BRDA:93,8,1,1
BRDA:93,8,2,1
BRDA:94,9,0,24
BRDA:94,9,1,2
BRF:22
BRH:22
end_of_record
TN:
SF:/www/Projet-test/Paynew-login/midnight/src/styles/midnight-light/_palette.tsx
FNF:0
FNH:0
DA:2,2
DA:10,2
DA:20,2
DA:28,2
DA:34,2
LF:5
LH:5
BRF:0
BRH:0
end_of_record
TN:
SF:/www/Projet-test/Paynew-login/midnight/src/styles/midnight-light/_theming.tsx
FNF:0
FNH:0
DA:1,2
DA:2,2
DA:4,2
LF:3
LH:3
BRF:0
BRH:0
end_of_record
TN:
SF:/www/Projet-test/Paynew-login/midnight/src/styles/midnight-light/_typography.tsx
FNF:0
FNH:0
DA:1,2
DA:44,2
LF:2
LH:2
BRF:0
BRH:0
end_of_record
TN:
SF:/www/Projet-test/Paynew-login/midnight/src/styles/utils/_spacers.tsx
FNF:0
FNH:0
DA:2,2
DA:11,2
LF:2
LH:2
BRF:0
BRH:0
end_of_record
TN:
SF:/www/Projet-test/Paynew-login/midnight/src/styles/utils/_utils.tsx
FNF:0
FNH:0
DA:1,2
DA:3,2
DA:5,2
LF:3
LH:3
BRF:0
BRH:0
end_of_record
TN:
SF:/www/Projet-test/Paynew-login/midnight/src/utils/validators.tsx
FN:1,(anonymous_0)
FNF:1
FNH:1
FNDA:3,(anonymous_0)
DA:1,1
DA:2,3
DA:3,3
DA:6,1
LF:4
LH:4
BRF:0
BRH:0
end_of_record
